<?xml version="1.0" encoding="UTF-8"?>
<testsuite name="com.ibm.connect.sdk.bundle.TestBundleFlightProducerGenericJdbc" tests="62" skipped="0" failures="1" errors="0" timestamp="2023-06-05T15:57:08" hostname="Bartek-Laptop" time="4.453">
  <properties/>
  <testcase name="testDiscoverColumnsTableWithUnderscore" classname="com.ibm.connect.sdk.bundle.TestBundleFlightProducerGenericJdbc" time="0.149"/>
  <testcase name="testGetRecordCountAction" classname="com.ibm.connect.sdk.bundle.TestBundleFlightProducerGenericJdbc" time="0.068"/>
  <testcase name="testGetStreamSelectStatement" classname="com.ibm.connect.sdk.bundle.TestBundleFlightProducerGenericJdbc" time="0.077"/>
  <testcase name="testDiscoverSchemas" classname="com.ibm.connect.sdk.bundle.TestBundleFlightProducerGenericJdbc" time="0.026"/>
  <testcase name="testDiscoverTablesSchemaNamePattern" classname="com.ibm.connect.sdk.bundle.TestBundleFlightProducerGenericJdbc" time="0.054"/>
  <testcase name="testConnectionInvalidJdbcUrl" classname="com.ibm.connect.sdk.bundle.TestBundleFlightProducerGenericJdbc" time="0.013"/>
  <testcase name="testConnectionBadDatabase" classname="com.ibm.connect.sdk.bundle.TestBundleFlightProducerGenericJdbc" time="0.018">
    <failure message="java.lang.AssertionError" type="java.lang.AssertionError">java.lang.AssertionError
	at org.junit.Assert.fail(Assert.java:87)
	at org.junit.Assert.assertTrue(Assert.java:42)
	at org.junit.Assert.assertTrue(Assert.java:53)
	at com.ibm.connect.sdk.test.jdbc.generic.GenericJdbcTestSuite.testConnectionBadDatabase(GenericJdbcTestSuite.java:2840)
	at java.base/jdk.internal.reflect.NativeMethodAccessorImpl.invoke0(Native Method)
	at java.base/jdk.internal.reflect.NativeMethodAccessorImpl.invoke(NativeMethodAccessorImpl.java:62)
	at java.base/jdk.internal.reflect.DelegatingMethodAccessorImpl.invoke(DelegatingMethodAccessorImpl.java:43)
	at java.base/java.lang.reflect.Method.invoke(Method.java:566)
	at org.junit.runners.model.FrameworkMethod$1.runReflectiveCall(FrameworkMethod.java:59)
	at org.junit.internal.runners.model.ReflectiveCallable.run(ReflectiveCallable.java:12)
	at org.junit.runners.model.FrameworkMethod.invokeExplosively(FrameworkMethod.java:56)
	at org.junit.internal.runners.statements.InvokeMethod.evaluate(InvokeMethod.java:17)
	at org.junit.internal.runners.statements.RunBefores.evaluate(RunBefores.java:26)
	at org.junit.runners.ParentRunner$3.evaluate(ParentRunner.java:306)
	at org.junit.runners.BlockJUnit4ClassRunner$1.evaluate(BlockJUnit4ClassRunner.java:100)
	at org.junit.runners.ParentRunner.runLeaf(ParentRunner.java:366)
	at org.junit.runners.BlockJUnit4ClassRunner.runChild(BlockJUnit4ClassRunner.java:103)
	at org.junit.runners.BlockJUnit4ClassRunner.runChild(BlockJUnit4ClassRunner.java:63)
	at org.junit.runners.ParentRunner$4.run(ParentRunner.java:331)
	at org.junit.runners.ParentRunner$1.schedule(ParentRunner.java:79)
	at org.junit.runners.ParentRunner.runChildren(ParentRunner.java:329)
	at org.junit.runners.ParentRunner.access$100(ParentRunner.java:66)
	at org.junit.runners.ParentRunner$2.evaluate(ParentRunner.java:293)
	at org.junit.internal.runners.statements.RunBefores.evaluate(RunBefores.java:26)
	at org.junit.internal.runners.statements.RunAfters.evaluate(RunAfters.java:27)
	at org.junit.runners.ParentRunner$3.evaluate(ParentRunner.java:306)
	at org.junit.runners.ParentRunner.run(ParentRunner.java:413)
	at org.gradle.api.internal.tasks.testing.junit.JUnitTestClassExecutor.runTestClass(JUnitTestClassExecutor.java:108)
	at org.gradle.api.internal.tasks.testing.junit.JUnitTestClassExecutor.execute(JUnitTestClassExecutor.java:58)
	at org.gradle.api.internal.tasks.testing.junit.JUnitTestClassExecutor.execute(JUnitTestClassExecutor.java:40)
	at org.gradle.api.internal.tasks.testing.junit.AbstractJUnitTestClassProcessor.processTestClass(AbstractJUnitTestClassProcessor.java:60)
	at org.gradle.api.internal.tasks.testing.SuiteTestClassProcessor.processTestClass(SuiteTestClassProcessor.java:52)
	at java.base/jdk.internal.reflect.NativeMethodAccessorImpl.invoke0(Native Method)
	at java.base/jdk.internal.reflect.NativeMethodAccessorImpl.invoke(NativeMethodAccessorImpl.java:62)
	at java.base/jdk.internal.reflect.DelegatingMethodAccessorImpl.invoke(DelegatingMethodAccessorImpl.java:43)
	at java.base/java.lang.reflect.Method.invoke(Method.java:566)
	at org.gradle.internal.dispatch.ReflectionDispatch.dispatch(ReflectionDispatch.java:36)
	at org.gradle.internal.dispatch.ReflectionDispatch.dispatch(ReflectionDispatch.java:24)
	at org.gradle.internal.dispatch.ContextClassLoaderDispatch.dispatch(ContextClassLoaderDispatch.java:33)
	at org.gradle.internal.dispatch.ProxyDispatchAdapter$DispatchingInvocationHandler.invoke(ProxyDispatchAdapter.java:94)
	at com.sun.proxy.$Proxy2.processTestClass(Unknown Source)
	at org.gradle.api.internal.tasks.testing.worker.TestWorker$2.run(TestWorker.java:176)
	at org.gradle.api.internal.tasks.testing.worker.TestWorker.executeAndMaintainThreadName(TestWorker.java:129)
	at org.gradle.api.internal.tasks.testing.worker.TestWorker.execute(TestWorker.java:100)
	at org.gradle.api.internal.tasks.testing.worker.TestWorker.execute(TestWorker.java:60)
	at org.gradle.process.internal.worker.child.ActionExecutionWorker.execute(ActionExecutionWorker.java:56)
	at org.gradle.process.internal.worker.child.SystemApplicationClassLoaderWorker.call(SystemApplicationClassLoaderWorker.java:113)
	at org.gradle.process.internal.worker.child.SystemApplicationClassLoaderWorker.call(SystemApplicationClassLoaderWorker.java:65)
	at worker.org.gradle.process.internal.worker.GradleWorkerMain.run(GradleWorkerMain.java:69)
	at worker.org.gradle.process.internal.worker.GradleWorkerMain.main(GradleWorkerMain.java:74)
</failure>
  </testcase>
  <testcase name="testDiscoverPrimaryKeyNamed" classname="com.ibm.connect.sdk.bundle.TestBundleFlightProducerGenericJdbc" time="0.062"/>
  <testcase name="testGetStreamBoolean" classname="com.ibm.connect.sdk.bundle.TestBundleFlightProducerGenericJdbc" time="0.061"/>
  <testcase name="testConnectionUnknownDriver" classname="com.ibm.connect.sdk.bundle.TestBundleFlightProducerGenericJdbc" time="0.018"/>
  <testcase name="testAcceptPutBinary" classname="com.ibm.connect.sdk.bundle.TestBundleFlightProducerGenericJdbc" time="0.169"/>
  <testcase name="testGetStreamCharacter" classname="com.ibm.connect.sdk.bundle.TestBundleFlightProducerGenericJdbc" time="0.078"/>
  <testcase name="testDiscoverSchemasNamePattern" classname="com.ibm.connect.sdk.bundle.TestBundleFlightProducerGenericJdbc" time="0.023"/>
  <testcase name="testAcceptPutUpdateStatement" classname="com.ibm.connect.sdk.bundle.TestBundleFlightProducerGenericJdbc" time="0.132"/>
  <testcase name="testDiscoverSchemasExcludeSystem" classname="com.ibm.connect.sdk.bundle.TestBundleFlightProducerGenericJdbc" time="0.021"/>
  <testcase name="testAcceptPutDatetime" classname="com.ibm.connect.sdk.bundle.TestBundleFlightProducerGenericJdbc" time="0.145"/>
  <testcase name="testDiscoverTablesExcludeViews" classname="com.ibm.connect.sdk.bundle.TestBundleFlightProducerGenericJdbc" time="0.047"/>
  <testcase name="testDiscoverTablesExcludeSystem" classname="com.ibm.connect.sdk.bundle.TestBundleFlightProducerGenericJdbc" time="0.015"/>
  <testcase name="testGetStreamRowLimit" classname="com.ibm.connect.sdk.bundle.TestBundleFlightProducerGenericJdbc" time="0.118"/>
  <testcase name="testAcceptPutCharacter" classname="com.ibm.connect.sdk.bundle.TestBundleFlightProducerGenericJdbc" time="0.141"/>
  <testcase name="testAcceptPutUpdate" classname="com.ibm.connect.sdk.bundle.TestBundleFlightProducerGenericJdbc" time="0.175"/>
  <testcase name="testAcceptPutBoolean" classname="com.ibm.connect.sdk.bundle.TestBundleFlightProducerGenericJdbc" time="0.122"/>
  <testcase name="testDiscoverTablesWithPaging" classname="com.ibm.connect.sdk.bundle.TestBundleFlightProducerGenericJdbc" time="0.108"/>
  <testcase name="testGetStreamByteLimit" classname="com.ibm.connect.sdk.bundle.TestBundleFlightProducerGenericJdbc" time="0.074"/>
  <testcase name="testGetFlightInfo" classname="com.ibm.connect.sdk.bundle.TestBundleFlightProducerGenericJdbc" time="0.033"/>
  <testcase name="testDiscoverTablesSchemaWithUnderscore" classname="com.ibm.connect.sdk.bundle.TestBundleFlightProducerGenericJdbc" time="0.054"/>
  <testcase name="testDiscoverExtendedMetadata" classname="com.ibm.connect.sdk.bundle.TestBundleFlightProducerGenericJdbc" time="0.214"/>
  <testcase name="testListCustomActions" classname="com.ibm.connect.sdk.bundle.TestBundleFlightProducerGenericJdbc" time="0.01"/>
  <testcase name="testGetStreamBinary" classname="com.ibm.connect.sdk.bundle.TestBundleFlightProducerGenericJdbc" time="0.07"/>
  <testcase name="testGetStreamFields" classname="com.ibm.connect.sdk.bundle.TestBundleFlightProducerGenericJdbc" time="0.124"/>
  <testcase name="testDiscoverTablesSystemSchema" classname="com.ibm.connect.sdk.bundle.TestBundleFlightProducerGenericJdbc" time="0.021"/>
  <testcase name="testPutSetupAction" classname="com.ibm.connect.sdk.bundle.TestBundleFlightProducerGenericJdbc" time="0.163"/>
  <testcase name="testGetStreamRowLimitDefault" classname="com.ibm.connect.sdk.bundle.TestBundleFlightProducerGenericJdbc" time="0.096"/>
  <testcase name="testGetStreamDecimal" classname="com.ibm.connect.sdk.bundle.TestBundleFlightProducerGenericJdbc" time="0.065"/>
  <testcase name="testTableActionTruncate" classname="com.ibm.connect.sdk.bundle.TestBundleFlightProducerGenericJdbc" time="0.146"/>
  <testcase name="testPutWrapupAction" classname="com.ibm.connect.sdk.bundle.TestBundleFlightProducerGenericJdbc" time="0.144"/>
  <testcase name="testConnectionMissingJdbcUrl" classname="com.ibm.connect.sdk.bundle.TestBundleFlightProducerGenericJdbc" time="0.008"/>
  <testcase name="testCreateStatement" classname="com.ibm.connect.sdk.bundle.TestBundleFlightProducerGenericJdbc" time="0.114"/>
  <testcase name="testDiscoverViewsExcludeTables" classname="com.ibm.connect.sdk.bundle.TestBundleFlightProducerGenericJdbc" time="0.039"/>
  <testcase name="testGetStreamNumeric" classname="com.ibm.connect.sdk.bundle.TestBundleFlightProducerGenericJdbc" time="0.072"/>
  <testcase name="testAcceptPutDecimal" classname="com.ibm.connect.sdk.bundle.TestBundleFlightProducerGenericJdbc" time="0.123"/>
  <testcase name="testDiscoverTables" classname="com.ibm.connect.sdk.bundle.TestBundleFlightProducerGenericJdbc" time="0.032"/>
  <testcase name="testGetStreamDatetime" classname="com.ibm.connect.sdk.bundle.TestBundleFlightProducerGenericJdbc" time="0.07"/>
  <testcase name="testDiscoverTablesViews" classname="com.ibm.connect.sdk.bundle.TestBundleFlightProducerGenericJdbc" time="0.038"/>
  <testcase name="testPartitionedGetAndPut" classname="com.ibm.connect.sdk.bundle.TestBundleFlightProducerGenericJdbc" time="0.186"/>
  <testcase name="testConnectionSSL" classname="com.ibm.connect.sdk.bundle.TestBundleFlightProducerGenericJdbc" time="0.015"/>
  <testcase name="testDiscoverColumns" classname="com.ibm.connect.sdk.bundle.TestBundleFlightProducerGenericJdbc" time="0.04"/>
  <testcase name="testDiscoverSchemasWithPaging" classname="com.ibm.connect.sdk.bundle.TestBundleFlightProducerGenericJdbc" time="0.042"/>
  <testcase name="testAcceptPutNumeric" classname="com.ibm.connect.sdk.bundle.TestBundleFlightProducerGenericJdbc" time="0.126"/>
  <testcase name="testAcceptPutUpdateKeyColumnNames" classname="com.ibm.connect.sdk.bundle.TestBundleFlightProducerGenericJdbc" time="0.138"/>
  <testcase name="testTableActionReplace" classname="com.ibm.connect.sdk.bundle.TestBundleFlightProducerGenericJdbc" time="0.131"/>
  <testcase name="testPutSetupStaticStatement" classname="com.ibm.connect.sdk.bundle.TestBundleFlightProducerGenericJdbc" time="0.027"/>
  <testcase name="testDiscoverPrimaryKeyUnnamed" classname="com.ibm.connect.sdk.bundle.TestBundleFlightProducerGenericJdbc" time="0.053"/>
  <testcase name="testDiscoverTablesNamePattern" classname="com.ibm.connect.sdk.bundle.TestBundleFlightProducerGenericJdbc" time="0.049"/>
  <testcase name="testValidateAction" classname="com.ibm.connect.sdk.bundle.TestBundleFlightProducerGenericJdbc" time="0.008"/>
  <testcase name="testListActions" classname="com.ibm.connect.sdk.bundle.TestBundleFlightProducerGenericJdbc" time="0.01"/>
  <testcase name="testConnection" classname="com.ibm.connect.sdk.bundle.TestBundleFlightProducerGenericJdbc" time="0.008"/>
  <testcase name="testListFlightsInvalidCriteria" classname="com.ibm.connect.sdk.bundle.TestBundleFlightProducerGenericJdbc" time="0.009"/>
  <testcase name="testMissingActionBody" classname="com.ibm.connect.sdk.bundle.TestBundleFlightProducerGenericJdbc" time="0.01"/>
  <testcase name="testUnsupportedAction" classname="com.ibm.connect.sdk.bundle.TestBundleFlightProducerGenericJdbc" time="0.01"/>
  <testcase name="testHealthCheckAction" classname="com.ibm.connect.sdk.bundle.TestBundleFlightProducerGenericJdbc" time="0.009"/>
  <testcase name="testListDatasourceTypesAction" classname="com.ibm.connect.sdk.bundle.TestBundleFlightProducerGenericJdbc" time="0.021"/>
  <system-out><![CDATA[]]></system-out>
  <system-err><![CDATA[cze 05, 2023 5:57:07 PM com.ibm.connect.sdk.util.AuthUtils getVerificationKeys
INFO: WDP public key URLs file: /home/bartlomiejkowalewski/Pulpit/cp4d-connector-sdk/sdk-gen/etc/wdp_public_key_urls.txt
cze 05, 2023 5:57:07 PM com.ibm.connect.sdk.util.AuthUtils getVerificationKeys
INFO: WDP public keys path: /home/bartlomiejkowalewski/Pulpit/cp4d-connector-sdk/sdk-gen/etc/wdp_public_keys
cze 05, 2023 5:57:07 PM com.ibm.connect.sdk.util.ServerTokenAuthHandler authenticate
INFO: Authenticated peer admin
cze 05, 2023 5:57:07 PM com.ibm.connect.sdk.test.TestFlight <init>
INFO: Flight server started at grpc+tls://localhost:42397
cze 05, 2023 5:57:07 PM com.ibm.connect.sdk.test.TestFlight <init>
INFO: SSL certificate:
-----BEGIN CERTIFICATE-----
MIIE+zCCAuOgAwIBAgIGAYiMRsIiMA0GCSqGSIb3DQEBCwUAMBQxEjAQBgNVBAMM
CWxvY2FsaG9zdDAeFw0yMzA2MDUxNTU3MDdaFw0zMzA2MDUxNTU3MDdaMBQxEjAQ
BgNVBAMMCWxvY2FsaG9zdDCCAiIwDQYJKoZIhvcNAQEBBQADggIPADCCAgoCggIB
AMXLgPLUqTvYKPRO4Z9+vBgTDnP5N099dhmQ9Oa0JwqL0xlFLFzkmvql8VihnF2f
xl1Sut90FI3WO6MXLi/brPJINUZ7jvHH0eSIaxaw78NaWPS+lJ5HQcThYbAESVQ5
SuhbTj79P1XeCsGHRHcMtuE9HT8LnkSKsVxwG8jt6lfUiqcvd2gRUTcrnPVwg95d
PeDKghAGi40o/YZ13FRpLfU6oICA5jsgl/m3kBUOBY62bw8w8WM2VGTliFurJDPx
nTmVTL5h068PQBfb3snlMAVIaChgyzhWhRTYWv/aBbRxhCCiPHyiA5SS6Hx3zYhd
gSkMZcrKoG1lTgaRm3bZ3U5gtDYuDdCngwC2ascZ15cHGwMtp5XJ4RWQfnFQBexa
e6ia9D85echv0zwLQ5BcfK0IpNAlcpR0HnfxHZT0hNyHT1flM5izDr7UL2ZLywBz
CE8l9z2t4wf7JxQNPxDVm87Ksp8T3XigDzvp9m4/N3rv7AUk94zjf9bPUYBec63V
QqkIzd3bpQ/M8eZvlVV6DaeQspo1Nt/pOaT1ugGd8eAdjqD2GNGJuU8doa+7zM9d
izUxR+mNsak+OqtlMi3DmHtbY9EufO0kPWcradA0rXdNR/PbI7CTvC5rLp8MBGgq
6iX83421j/FSxhrdntn21nyExsCqlE2eHkEm01nZxRlPAgMBAAGjUzBRMB0GA1Ud
DgQWBBSLqjOYjjIm3GH4wFR0ZcFItSyqhjAfBgNVHSMEGDAWgBSLqjOYjjIm3GH4
wFR0ZcFItSyqhjAPBgNVHRMBAf8EBTADAQH/MA0GCSqGSIb3DQEBCwUAA4ICAQAV
smNDGiRumGVWx40nButc1guKK8zKY6X1e47IGH2cq4HWFTGfQ8em2eRZJdnr9Wdj
ja+CSokxKRRtMt2nxDbB2+SAmbuIs6JcaTer0dhq4QNxF0/yNuk3OqpAuzhtygRv
RvfMol5BWH2VDey29WdtO1W8wJijUr4NTCPQPslCMvZy9pdeWGExXUMuvCB6bmGa
lEDIhAbGjxwADtwCMDMRA1JG1o6hXTRB3Wr+O95DP0Wa6tiG7Nnv0nff2/KQ2DtY
udsrQvf5dFtt9gkCaQR6CAaluVFLTopjwugvstLgE+HepUrTIFBz4K2H/rTDY+a+
hM6XGFH6gBXwv8OHW8oi76MaiI8UXUjwOwwlOzPou5QXLo5UQ3HlXqlliqtN533a
kKOduNZZOuH3735ukf1VEVyjCbg8bxYiZxc0NA6zodm6rvUjqy8ij5KMUpRJzt9L
JtjO1cCWbfntipqzJ8Womt18ecMN/DC8Ge+i86zTo2S1sNId9+FIPmdTIx+Be+yj
WwtX5GIh7/bFQ9LyMzuKsm6FzvS+HRV/B4Zi+HLKJ0BxwwVNH3nU5HoZX2aWm116
VIKf8mG93nMYFYShdpynvgHHVMuQbPB6YJgljBqecEdBD6JM7dKrHXkptvKxBdHo
Mm5xO439hDd+AkonBO6r7rzSgW0A0lCgMOtxJHeJaA==
-----END CERTIFICATE-----

cze 05, 2023 5:57:07 PM com.ibm.connect.sdk.test.jdbc.derby.DerbyUtils startServer
WARNING: DRDA_NoIO.S:Could not connect to Derby Network Server on host 192.168.8.134, port 40277: Połączenie odrzucone (Connection refused)
java.lang.Exception: DRDA_NoIO.S:Could not connect to Derby Network Server on host 192.168.8.134, port 40277: Połączenie odrzucone (Connection refused)
	at org.apache.derby.impl.drda.NetworkServerControlImpl.consolePropertyMessageWork(NetworkServerControlImpl.java:3516)
	at org.apache.derby.impl.drda.NetworkServerControlImpl.consolePropertyMessage(NetworkServerControlImpl.java:2107)
	at org.apache.derby.impl.drda.NetworkServerControlImpl.setUpSocket(NetworkServerControlImpl.java:2766)
	at org.apache.derby.impl.drda.NetworkServerControlImpl.ping(NetworkServerControlImpl.java:1357)
	at org.apache.derby.drda.NetworkServerControl.ping(NetworkServerControl.java:431)
	at com.ibm.connect.sdk.test.jdbc.derby.DerbyUtils.startServer(DerbyUtils.java:53)
	at com.ibm.connect.sdk.bundle.BundleTestEnvironment.<init>(BundleTestEnvironment.java:120)
	at com.ibm.connect.sdk.bundle.BundleTestEnvironment.getInstance(BundleTestEnvironment.java:86)
	at com.ibm.connect.sdk.bundle.TestBundleFlightProducerGenericJdbc.setUpOnce(TestBundleFlightProducerGenericJdbc.java:35)
	at java.base/jdk.internal.reflect.NativeMethodAccessorImpl.invoke0(Native Method)
	at java.base/jdk.internal.reflect.NativeMethodAccessorImpl.invoke(NativeMethodAccessorImpl.java:62)
	at java.base/jdk.internal.reflect.DelegatingMethodAccessorImpl.invoke(DelegatingMethodAccessorImpl.java:43)
	at java.base/java.lang.reflect.Method.invoke(Method.java:566)
	at org.junit.runners.model.FrameworkMethod$1.runReflectiveCall(FrameworkMethod.java:59)
	at org.junit.internal.runners.model.ReflectiveCallable.run(ReflectiveCallable.java:12)
	at org.junit.runners.model.FrameworkMethod.invokeExplosively(FrameworkMethod.java:56)
	at org.junit.internal.runners.statements.RunBefores.invokeMethod(RunBefores.java:33)
	at org.junit.internal.runners.statements.RunBefores.evaluate(RunBefores.java:24)
	at org.junit.internal.runners.statements.RunAfters.evaluate(RunAfters.java:27)
	at org.junit.runners.ParentRunner$3.evaluate(ParentRunner.java:306)
	at org.junit.runners.ParentRunner.run(ParentRunner.java:413)
	at org.gradle.api.internal.tasks.testing.junit.JUnitTestClassExecutor.runTestClass(JUnitTestClassExecutor.java:108)
	at org.gradle.api.internal.tasks.testing.junit.JUnitTestClassExecutor.execute(JUnitTestClassExecutor.java:58)
	at org.gradle.api.internal.tasks.testing.junit.JUnitTestClassExecutor.execute(JUnitTestClassExecutor.java:40)
	at org.gradle.api.internal.tasks.testing.junit.AbstractJUnitTestClassProcessor.processTestClass(AbstractJUnitTestClassProcessor.java:60)
	at org.gradle.api.internal.tasks.testing.SuiteTestClassProcessor.processTestClass(SuiteTestClassProcessor.java:52)
	at java.base/jdk.internal.reflect.NativeMethodAccessorImpl.invoke0(Native Method)
	at java.base/jdk.internal.reflect.NativeMethodAccessorImpl.invoke(NativeMethodAccessorImpl.java:62)
	at java.base/jdk.internal.reflect.DelegatingMethodAccessorImpl.invoke(DelegatingMethodAccessorImpl.java:43)
	at java.base/java.lang.reflect.Method.invoke(Method.java:566)
	at org.gradle.internal.dispatch.ReflectionDispatch.dispatch(ReflectionDispatch.java:36)
	at org.gradle.internal.dispatch.ReflectionDispatch.dispatch(ReflectionDispatch.java:24)
	at org.gradle.internal.dispatch.ContextClassLoaderDispatch.dispatch(ContextClassLoaderDispatch.java:33)
	at org.gradle.internal.dispatch.ProxyDispatchAdapter$DispatchingInvocationHandler.invoke(ProxyDispatchAdapter.java:94)
	at com.sun.proxy.$Proxy2.processTestClass(Unknown Source)
	at org.gradle.api.internal.tasks.testing.worker.TestWorker$2.run(TestWorker.java:176)
	at org.gradle.api.internal.tasks.testing.worker.TestWorker.executeAndMaintainThreadName(TestWorker.java:129)
	at org.gradle.api.internal.tasks.testing.worker.TestWorker.execute(TestWorker.java:100)
	at org.gradle.api.internal.tasks.testing.worker.TestWorker.execute(TestWorker.java:60)
	at org.gradle.process.internal.worker.child.ActionExecutionWorker.execute(ActionExecutionWorker.java:56)
	at org.gradle.process.internal.worker.child.SystemApplicationClassLoaderWorker.call(SystemApplicationClassLoaderWorker.java:113)
	at org.gradle.process.internal.worker.child.SystemApplicationClassLoaderWorker.call(SystemApplicationClassLoaderWorker.java:65)
	at worker.org.gradle.process.internal.worker.GradleWorkerMain.run(GradleWorkerMain.java:69)
	at worker.org.gradle.process.internal.worker.GradleWorkerMain.main(GradleWorkerMain.java:74)

cze 05, 2023 5:57:08 PM com.ibm.connect.sdk.test.jdbc.derby.DerbyUtils startServer
INFO: Derby server started at /192.168.8.134:40277
cze 05, 2023 3:57:08 PM com.ibm.connect.sdk.jdbc.JdbcConnector connect
INFO: Connecting to jdbc:derby://192.168.8.134:40277/testdb;create=true
cze 05, 2023 3:57:08 PM com.ibm.connect.sdk.jdbc.JdbcConnector performAction
INFO: SELECT COUNT(*) FROM "SCHEMA1"."T1"
cze 05, 2023 3:57:08 PM com.ibm.connect.sdk.jdbc.JdbcSourceInteraction beginStream
INFO: SELECT XMLSERIALIZE(C1 AS LONG VARCHAR) AS C1 FROM SCHEMA1.T1
cze 05, 2023 3:57:08 PM com.ibm.connect.sdk.api.ConnectorFlightProducer doAction
SEVERE: Invalid JDBC URL invalid
java.lang.IllegalArgumentException: Invalid JDBC URL invalid
	at com.ibm.connect.sdk.jdbc.generic.GenericJdbcConnector.getDriverName(GenericJdbcConnector.java:114)
	at com.ibm.connect.sdk.jdbc.generic.GenericJdbcConnector.<init>(GenericJdbcConnector.java:93)
	at com.ibm.connect.sdk.bundle.BundleConnectorFactory.createNewConnector(BundleConnectorFactory.java:52)
	at com.ibm.connect.sdk.api.PooledConnectorFactory.create(PooledConnectorFactory.java:61)
	at com.ibm.connect.sdk.api.PooledConnectorFactory.create(PooledConnectorFactory.java:21)
	at org.apache.commons.pool2.BaseKeyedPooledObjectFactory.makeObject(BaseKeyedPooledObjectFactory.java:82)
	at org.apache.commons.pool2.impl.GenericKeyedObjectPool.create(GenericKeyedObjectPool.java:780)
	at org.apache.commons.pool2.impl.GenericKeyedObjectPool.borrowObject(GenericKeyedObjectPool.java:439)
	at org.apache.commons.pool2.impl.GenericKeyedObjectPool.borrowObject(GenericKeyedObjectPool.java:350)
	at com.ibm.connect.sdk.api.PooledConnectorFactory.createConnector(PooledConnectorFactory.java:96)
	at com.ibm.connect.sdk.api.ConnectorFlightProducer.doAction(ConnectorFlightProducer.java:380)
	at org.apache.arrow.flight.FlightService.doAction(FlightService.java:124)
	at org.apache.arrow.flight.impl.FlightServiceGrpc$MethodHandlers.invoke(FlightServiceGrpc.java:925)
	at io.grpc.stub.ServerCalls$UnaryServerCallHandler$UnaryServerCallListener.onHalfClose(ServerCalls.java:182)
	at io.grpc.PartialForwardingServerCallListener.onHalfClose(PartialForwardingServerCallListener.java:35)
	at io.grpc.ForwardingServerCallListener.onHalfClose(ForwardingServerCallListener.java:23)
	at io.grpc.ForwardingServerCallListener$SimpleForwardingServerCallListener.onHalfClose(ForwardingServerCallListener.java:40)
	at io.grpc.Contexts$ContextualizedServerCallListener.onHalfClose(Contexts.java:86)
	at io.grpc.PartialForwardingServerCallListener.onHalfClose(PartialForwardingServerCallListener.java:35)
	at io.grpc.ForwardingServerCallListener.onHalfClose(ForwardingServerCallListener.java:23)
	at io.grpc.ForwardingServerCallListener$SimpleForwardingServerCallListener.onHalfClose(ForwardingServerCallListener.java:40)
	at io.grpc.Contexts$ContextualizedServerCallListener.onHalfClose(Contexts.java:86)
	at io.grpc.internal.ServerCallImpl$ServerStreamListenerImpl.halfClosed(ServerCallImpl.java:355)
	at io.grpc.internal.ServerImpl$JumpToApplicationThreadServerStreamListener$1HalfClosed.runInContext(ServerImpl.java:867)
	at io.grpc.internal.ContextRunnable.run(ContextRunnable.java:37)
	at io.grpc.internal.SerializingExecutor.run(SerializingExecutor.java:133)
	at java.base/java.util.concurrent.ThreadPoolExecutor.runWorker(ThreadPoolExecutor.java:1128)
	at java.base/java.util.concurrent.ThreadPoolExecutor$Worker.run(ThreadPoolExecutor.java:628)
	at java.base/java.lang.Thread.run(Thread.java:829)

cze 05, 2023 3:57:08 PM com.ibm.connect.sdk.jdbc.JdbcConnector connect
INFO: Connecting to jdbc:derby://192.168.8.134:40277/unknown
cze 05, 2023 3:57:08 PM com.ibm.connect.sdk.api.ConnectorFlightProducer doAction
SEVERE: Nastąpiła odmowa połączenia, ponieważ nie znaleziono bazy danych unknown.
java.sql.SQLNonTransientConnectionException: Nastąpiła odmowa połączenia, ponieważ nie znaleziono bazy danych unknown.
	at org.apache.derby.client.am.SQLExceptionFactory.getSQLException(SQLExceptionFactory.java:74)
	at org.apache.derby.client.am.SqlException.getSQLException(SqlException.java:325)
	at org.apache.derby.client.ClientAutoloadedDriver.connect(ClientAutoloadedDriver.java:177)
	at com.ibm.connect.sdk.jdbc.JdbcConnector.connect(JdbcConnector.java:278)
	at com.ibm.connect.sdk.api.PooledConnector.connect(PooledConnector.java:70)
	at com.ibm.connect.sdk.api.ConnectorFlightProducer.doAction(ConnectorFlightProducer.java:372)
	at org.apache.arrow.flight.FlightService.doAction(FlightService.java:124)
	at org.apache.arrow.flight.impl.FlightServiceGrpc$MethodHandlers.invoke(FlightServiceGrpc.java:925)
	at io.grpc.stub.ServerCalls$UnaryServerCallHandler$UnaryServerCallListener.onHalfClose(ServerCalls.java:182)
	at io.grpc.PartialForwardingServerCallListener.onHalfClose(PartialForwardingServerCallListener.java:35)
	at io.grpc.ForwardingServerCallListener.onHalfClose(ForwardingServerCallListener.java:23)
	at io.grpc.ForwardingServerCallListener$SimpleForwardingServerCallListener.onHalfClose(ForwardingServerCallListener.java:40)
	at io.grpc.Contexts$ContextualizedServerCallListener.onHalfClose(Contexts.java:86)
	at io.grpc.PartialForwardingServerCallListener.onHalfClose(PartialForwardingServerCallListener.java:35)
	at io.grpc.ForwardingServerCallListener.onHalfClose(ForwardingServerCallListener.java:23)
	at io.grpc.ForwardingServerCallListener$SimpleForwardingServerCallListener.onHalfClose(ForwardingServerCallListener.java:40)
	at io.grpc.Contexts$ContextualizedServerCallListener.onHalfClose(Contexts.java:86)
	at io.grpc.internal.ServerCallImpl$ServerStreamListenerImpl.halfClosed(ServerCallImpl.java:355)
	at io.grpc.internal.ServerImpl$JumpToApplicationThreadServerStreamListener$1HalfClosed.runInContext(ServerImpl.java:867)
	at io.grpc.internal.ContextRunnable.run(ContextRunnable.java:37)
	at io.grpc.internal.SerializingExecutor.run(SerializingExecutor.java:133)
	at java.base/java.util.concurrent.ThreadPoolExecutor.runWorker(ThreadPoolExecutor.java:1128)
	at java.base/java.util.concurrent.ThreadPoolExecutor$Worker.run(ThreadPoolExecutor.java:628)
	at java.base/java.lang.Thread.run(Thread.java:829)
Caused by: ERROR 08004: Nastąpiła odmowa połączenia, ponieważ nie znaleziono bazy danych unknown.
	at org.apache.derby.client.net.NetConnectionReply.parseRDBNFNRM(NetConnectionReply.java:988)
	at org.apache.derby.client.net.NetConnectionReply.parseAccessRdbError(NetConnectionReply.java:404)
	at org.apache.derby.client.net.NetConnectionReply.parseACCRDBreply(NetConnectionReply.java:256)
	at org.apache.derby.client.net.NetConnectionReply.readAccessDatabase(NetConnectionReply.java:82)
	at org.apache.derby.client.net.NetConnection.readSecurityCheckAndAccessRdb(NetConnection.java:788)
	at org.apache.derby.client.net.NetConnection.flowSecurityCheckAndAccessRdb(NetConnection.java:724)
	at org.apache.derby.client.net.NetConnection.flowUSRIDPWDconnect(NetConnection.java:553)
	at org.apache.derby.client.net.NetConnection.flowConnect(NetConnection.java:355)
	at org.apache.derby.client.net.NetConnection.<init>(NetConnection.java:210)
	at org.apache.derby.client.net.ClientJDBCObjectFactoryImpl.newNetConnection(ClientJDBCObjectFactoryImpl.java:278)
	at org.apache.derby.client.ClientAutoloadedDriver.connect(ClientAutoloadedDriver.java:170)
	... 21 more

cze 05, 2023 3:57:09 PM com.ibm.connect.sdk.jdbc.JdbcSourceInteraction beginStream
INFO: SELECT "C1", "C2" FROM "SCHEMA1"."T1"
cze 05, 2023 3:57:09 PM com.ibm.connect.sdk.api.ConnectorFlightProducer doAction
SEVERE: Driver [unknown] is not one of [db2, derby, informix-sqli, mariadb, mysql, oracle, postgresql, snowflake, sqlserver]
java.lang.IllegalArgumentException: Driver [unknown] is not one of [db2, derby, informix-sqli, mariadb, mysql, oracle, postgresql, snowflake, sqlserver]
	at com.ibm.connect.sdk.jdbc.generic.GenericJdbcConnector.<init>(GenericJdbcConnector.java:95)
	at com.ibm.connect.sdk.bundle.BundleConnectorFactory.createNewConnector(BundleConnectorFactory.java:52)
	at com.ibm.connect.sdk.api.PooledConnectorFactory.create(PooledConnectorFactory.java:61)
	at com.ibm.connect.sdk.api.PooledConnectorFactory.create(PooledConnectorFactory.java:21)
	at org.apache.commons.pool2.BaseKeyedPooledObjectFactory.makeObject(BaseKeyedPooledObjectFactory.java:82)
	at org.apache.commons.pool2.impl.GenericKeyedObjectPool.create(GenericKeyedObjectPool.java:780)
	at org.apache.commons.pool2.impl.GenericKeyedObjectPool.borrowObject(GenericKeyedObjectPool.java:439)
	at org.apache.commons.pool2.impl.GenericKeyedObjectPool.borrowObject(GenericKeyedObjectPool.java:350)
	at com.ibm.connect.sdk.api.PooledConnectorFactory.createConnector(PooledConnectorFactory.java:96)
	at com.ibm.connect.sdk.api.ConnectorFlightProducer.doAction(ConnectorFlightProducer.java:380)
	at org.apache.arrow.flight.FlightService.doAction(FlightService.java:124)
	at org.apache.arrow.flight.impl.FlightServiceGrpc$MethodHandlers.invoke(FlightServiceGrpc.java:925)
	at io.grpc.stub.ServerCalls$UnaryServerCallHandler$UnaryServerCallListener.onHalfClose(ServerCalls.java:182)
	at io.grpc.PartialForwardingServerCallListener.onHalfClose(PartialForwardingServerCallListener.java:35)
	at io.grpc.ForwardingServerCallListener.onHalfClose(ForwardingServerCallListener.java:23)
	at io.grpc.ForwardingServerCallListener$SimpleForwardingServerCallListener.onHalfClose(ForwardingServerCallListener.java:40)
	at io.grpc.Contexts$ContextualizedServerCallListener.onHalfClose(Contexts.java:86)
	at io.grpc.PartialForwardingServerCallListener.onHalfClose(PartialForwardingServerCallListener.java:35)
	at io.grpc.ForwardingServerCallListener.onHalfClose(ForwardingServerCallListener.java:23)
	at io.grpc.ForwardingServerCallListener$SimpleForwardingServerCallListener.onHalfClose(ForwardingServerCallListener.java:40)
	at io.grpc.Contexts$ContextualizedServerCallListener.onHalfClose(Contexts.java:86)
	at io.grpc.internal.ServerCallImpl$ServerStreamListenerImpl.halfClosed(ServerCallImpl.java:355)
	at io.grpc.internal.ServerImpl$JumpToApplicationThreadServerStreamListener$1HalfClosed.runInContext(ServerImpl.java:867)
	at io.grpc.internal.ContextRunnable.run(ContextRunnable.java:37)
	at io.grpc.internal.SerializingExecutor.run(SerializingExecutor.java:133)
	at java.base/java.util.concurrent.ThreadPoolExecutor.runWorker(ThreadPoolExecutor.java:1128)
	at java.base/java.util.concurrent.ThreadPoolExecutor$Worker.run(ThreadPoolExecutor.java:628)
	at java.base/java.lang.Thread.run(Thread.java:829)

cze 05, 2023 3:57:09 PM com.ibm.connect.sdk.jdbc.JdbcSourceInteraction beginStream
INFO: SELECT "C1", "C2", "C3", "C4" FROM "SCHEMA1"."T1"
cze 05, 2023 3:57:09 PM com.ibm.connect.sdk.jdbc.JdbcConnector connect
INFO: Connecting to jdbc:derby://192.168.8.134:40277/testdb;create=true
cze 05, 2023 3:57:09 PM com.ibm.connect.sdk.jdbc.JdbcTargetInteraction createTable
INFO: CREATE TABLE "SCHEMA1"."T2" ("C1" BLOB(2147483647), "C2" CHAR (5) FOR BIT DATA, "C3" LONG VARCHAR FOR BIT DATA, "C4" VARCHAR (20) FOR BIT DATA)
cze 05, 2023 3:57:09 PM com.ibm.connect.sdk.jdbc.JdbcTargetInteraction putStream
INFO: INSERT INTO "SCHEMA1"."T2" ("C1","C2","C3","C4") VALUES (?,?,?,?)
cze 05, 2023 3:57:09 PM com.ibm.connect.sdk.jdbc.JdbcSourceInteraction beginStream
INFO: SELECT "C1", "C2", "C3", "C4" FROM "SCHEMA1"."T2"
cze 05, 2023 3:57:09 PM com.ibm.connect.sdk.jdbc.JdbcSourceInteraction beginStream
INFO: SELECT "C1", "C2", "C3", "C4" FROM "SCHEMA1"."T1"
cze 05, 2023 3:57:09 PM com.ibm.connect.sdk.jdbc.JdbcSourceInteraction beginStream
INFO: SELECT "C1" FROM "SCHEMA1"."T1"
cze 05, 2023 3:57:09 PM com.ibm.connect.sdk.jdbc.JdbcTargetInteraction putStream
INFO: INSERT INTO SCHEMA1.T2 (C1,C2) VALUES (?,'Hello')
cze 05, 2023 3:57:09 PM com.ibm.connect.sdk.jdbc.JdbcSourceInteraction beginStream
INFO: SELECT * FROM SCHEMA1.T2 ORDER BY C1
cze 05, 2023 3:57:09 PM com.ibm.connect.sdk.jdbc.JdbcSourceInteraction beginStream
INFO: SELECT "C1", "C2", "C3" FROM "SCHEMA1"."T1"
cze 05, 2023 3:57:09 PM com.ibm.connect.sdk.jdbc.JdbcTargetInteraction createTable
INFO: CREATE TABLE "SCHEMA1"."T2" ("C1" DATE, "C2" TIME, "C3" TIMESTAMP)
cze 05, 2023 3:57:09 PM com.ibm.connect.sdk.jdbc.JdbcTargetInteraction putStream
INFO: INSERT INTO "SCHEMA1"."T2" ("C1","C2","C3") VALUES (?,?,?)
cze 05, 2023 3:57:09 PM com.ibm.connect.sdk.jdbc.JdbcSourceInteraction beginStream
INFO: SELECT "C1", "C2", "C3" FROM "SCHEMA1"."T2"
cze 05, 2023 3:57:09 PM com.ibm.connect.sdk.jdbc.JdbcSourceInteraction beginStream
INFO: SELECT "C1" FROM "SCHEMA1"."T1" FETCH FIRST 5 ROWS ONLY
cze 05, 2023 3:57:09 PM com.ibm.connect.sdk.jdbc.JdbcSourceInteraction beginStream
INFO: SELECT "C1", "C2", "C3", "C4" FROM "SCHEMA1"."T1"
cze 05, 2023 3:57:09 PM com.ibm.connect.sdk.jdbc.JdbcTargetInteraction createTable
INFO: CREATE TABLE "SCHEMA1"."T2" ("C1" CHAR(5), "C2" CLOB(2147483647), "C3" LONG VARCHAR, "C4" VARCHAR(20))
cze 05, 2023 3:57:09 PM com.ibm.connect.sdk.jdbc.JdbcTargetInteraction putStream
INFO: INSERT INTO "SCHEMA1"."T2" ("C1","C2","C3","C4") VALUES (?,?,?,?)
cze 05, 2023 3:57:09 PM com.ibm.connect.sdk.jdbc.JdbcSourceInteraction beginStream
INFO: SELECT "C1", "C2", "C3", "C4" FROM "SCHEMA1"."T2"
cze 05, 2023 3:57:10 PM com.ibm.connect.sdk.jdbc.JdbcSourceInteraction beginStream
INFO: SELECT "C1", "C2", "C3" FROM "SCHEMA1"."T2"
cze 05, 2023 3:57:10 PM com.ibm.connect.sdk.jdbc.JdbcTargetInteraction putStream
INFO: UPDATE "SCHEMA1"."T1" SET "C2" = ? WHERE "C1" = ? AND "C3" = ?
cze 05, 2023 3:57:10 PM com.ibm.connect.sdk.jdbc.JdbcSourceInteraction beginStream
INFO: SELECT * FROM SCHEMA1.T1 ORDER BY C1
cze 05, 2023 3:57:10 PM com.ibm.connect.sdk.jdbc.JdbcSourceInteraction beginStream
INFO: SELECT "C1", "C2" FROM "SCHEMA1"."T1"
cze 05, 2023 3:57:10 PM com.ibm.connect.sdk.jdbc.JdbcTargetInteraction createTable
INFO: CREATE TABLE "SCHEMA1"."T2" ("C1" BOOLEAN, "C2" BOOLEAN)
cze 05, 2023 3:57:10 PM com.ibm.connect.sdk.jdbc.JdbcTargetInteraction putStream
INFO: INSERT INTO "SCHEMA1"."T2" ("C1","C2") VALUES (?,?)
cze 05, 2023 3:57:10 PM com.ibm.connect.sdk.jdbc.JdbcSourceInteraction beginStream
INFO: SELECT "C1", "C2" FROM "SCHEMA1"."T2"
cze 05, 2023 3:57:10 PM com.ibm.connect.sdk.jdbc.JdbcSourceInteraction beginStream
INFO: SELECT "C1", "C2", "C3", "C4", "C5" FROM "SCHEMA1"."T1"
cze 05, 2023 3:57:10 PM com.ibm.connect.sdk.jdbc.JdbcSourceInteraction beginStream
INFO: SELECT "C1", "C2", "C3", "C4" FROM "SCHEMA1"."T1"
cze 05, 2023 3:57:10 PM com.ibm.connect.sdk.jdbc.JdbcSourceInteraction beginStream
INFO: SELECT "C9", "C6", "C1" FROM "SCHEMA1"."T1"
cze 05, 2023 3:57:10 PM com.ibm.connect.sdk.jdbc.JdbcTargetInteraction createTable
INFO: CREATE TABLE "SCHEMA1"."T2" ("C9" SMALLINT, "C6" INTEGER, "C1" BIGINT)
cze 05, 2023 3:57:10 PM com.ibm.connect.sdk.jdbc.JdbcTargetInteraction putStream
INFO: INSERT INTO "SCHEMA1"."T2" ("C9","C6","C1") VALUES (?,?,?)
cze 05, 2023 3:57:10 PM com.ibm.connect.sdk.jdbc.JdbcSourceInteraction beginStream
INFO: SELECT "C9", "C6", "C1" FROM "SCHEMA1"."T2"
cze 05, 2023 3:57:11 PM com.ibm.connect.sdk.jdbc.JdbcTargetInteraction createTable
INFO: CREATE TABLE "SCHEMA1"."T2" ("C1" BIGINT, "C2" DECIMAL(31,2), "C3" DOUBLE, "C4" DOUBLE, "C5" REAL, "C6" INTEGER, "C7" DECIMAL(31,6), "C8" REAL, "C9" SMALLINT)
cze 05, 2023 3:57:11 PM com.ibm.connect.sdk.jdbc.JdbcSourceInteraction beginStream
INFO: SELECT "C1", "C2", "C3", "C4", "C5", "C6", "C7", "C8", "C9" FROM "SCHEMA1"."T1"
cze 05, 2023 3:57:11 PM com.ibm.connect.sdk.jdbc.JdbcTargetInteraction putStream
INFO: INSERT INTO "SCHEMA1"."T2" ("C1","C2","C3","C4","C5","C6","C7","C8","C9") VALUES (?,?,?,?,?,?,?,?,?)
cze 05, 2023 3:57:11 PM com.ibm.connect.sdk.jdbc.JdbcSourceInteraction beginStream
INFO: SELECT "C1", "C2", "C3", "C4", "C5", "C6", "C7", "C8", "C9" FROM "SCHEMA1"."T2"
cze 05, 2023 3:57:11 PM com.ibm.connect.sdk.jdbc.JdbcConnector connect
INFO: Connecting to jdbc:derby://192.168.8.134:40277/testdb;create=true
cze 05, 2023 3:57:11 PM com.ibm.connect.sdk.jdbc.JdbcSourceInteraction beginStream
INFO: SELECT "C1" FROM "SCHEMA1"."T1" FETCH FIRST 5 ROWS ONLY
cze 05, 2023 3:57:11 PM com.ibm.connect.sdk.jdbc.JdbcSourceInteraction beginStream
INFO: SELECT "C1", "C2", "C3", "C4", "C5" FROM "SCHEMA1"."T1"
cze 05, 2023 3:57:11 PM com.ibm.connect.sdk.jdbc.JdbcSourceInteraction beginStream
INFO: SELECT "C1" FROM "SCHEMA1"."T1"
cze 05, 2023 3:57:11 PM com.ibm.connect.sdk.jdbc.JdbcTargetInteraction truncateTable
INFO: TRUNCATE TABLE "SCHEMA1"."T2"
cze 05, 2023 3:57:11 PM com.ibm.connect.sdk.jdbc.JdbcTargetInteraction putStream
INFO: INSERT INTO "SCHEMA1"."T2" ("C1") VALUES (?)
cze 05, 2023 3:57:11 PM com.ibm.connect.sdk.jdbc.JdbcSourceInteraction beginStream
INFO: SELECT "C1" FROM "SCHEMA1"."T2"
cze 05, 2023 3:57:11 PM com.ibm.connect.sdk.jdbc.JdbcSourceInteraction beginStream
INFO: SELECT "C1", "C2", "C3", "C4", "C5", "C6", "C7", "C8", "C9" FROM "SCHEMA1"."T1"
cze 05, 2023 3:57:11 PM com.ibm.connect.sdk.jdbc.JdbcTargetInteraction createTable
INFO: CREATE TABLE "SCHEMA1"."T2" ("C1" BIGINT, "C2" DECIMAL(31,2), "C3" DOUBLE, "C4" DOUBLE, "C5" REAL, "C6" INTEGER, "C7" DECIMAL(31,6), "C8" REAL, "C9" SMALLINT)
cze 05, 2023 3:57:11 PM com.ibm.connect.sdk.jdbc.JdbcTargetInteraction putStream
INFO: INSERT INTO "SCHEMA1"."T2" ("C1","C2","C3","C4","C5","C6","C7","C8","C9") VALUES (?,?,?,?,?,?,?,?,?)
cze 05, 2023 3:57:11 PM com.ibm.connect.sdk.jdbc.JdbcSourceInteraction beginStream
INFO: SELECT "C1", "C2", "C3", "C4", "C5", "C6", "C7", "C8", "C9" FROM "SCHEMA1"."T2"
cze 05, 2023 3:57:11 PM com.ibm.connect.sdk.api.ConnectorFlightProducer doAction
SEVERE: Missing jdbc_url
java.lang.IllegalArgumentException: Missing jdbc_url
	at com.ibm.connect.sdk.jdbc.generic.GenericJdbcConnector.<init>(GenericJdbcConnector.java:91)
	at com.ibm.connect.sdk.bundle.BundleConnectorFactory.createNewConnector(BundleConnectorFactory.java:52)
	at com.ibm.connect.sdk.api.PooledConnectorFactory.create(PooledConnectorFactory.java:61)
	at com.ibm.connect.sdk.api.PooledConnectorFactory.create(PooledConnectorFactory.java:21)
	at org.apache.commons.pool2.BaseKeyedPooledObjectFactory.makeObject(BaseKeyedPooledObjectFactory.java:82)
	at org.apache.commons.pool2.impl.GenericKeyedObjectPool.create(GenericKeyedObjectPool.java:780)
	at org.apache.commons.pool2.impl.GenericKeyedObjectPool.borrowObject(GenericKeyedObjectPool.java:439)
	at org.apache.commons.pool2.impl.GenericKeyedObjectPool.borrowObject(GenericKeyedObjectPool.java:350)
	at com.ibm.connect.sdk.api.PooledConnectorFactory.createConnector(PooledConnectorFactory.java:96)
	at com.ibm.connect.sdk.api.ConnectorFlightProducer.doAction(ConnectorFlightProducer.java:380)
	at org.apache.arrow.flight.FlightService.doAction(FlightService.java:124)
	at org.apache.arrow.flight.impl.FlightServiceGrpc$MethodHandlers.invoke(FlightServiceGrpc.java:925)
	at io.grpc.stub.ServerCalls$UnaryServerCallHandler$UnaryServerCallListener.onHalfClose(ServerCalls.java:182)
	at io.grpc.PartialForwardingServerCallListener.onHalfClose(PartialForwardingServerCallListener.java:35)
	at io.grpc.ForwardingServerCallListener.onHalfClose(ForwardingServerCallListener.java:23)
	at io.grpc.ForwardingServerCallListener$SimpleForwardingServerCallListener.onHalfClose(ForwardingServerCallListener.java:40)
	at io.grpc.Contexts$ContextualizedServerCallListener.onHalfClose(Contexts.java:86)
	at io.grpc.PartialForwardingServerCallListener.onHalfClose(PartialForwardingServerCallListener.java:35)
	at io.grpc.ForwardingServerCallListener.onHalfClose(ForwardingServerCallListener.java:23)
	at io.grpc.ForwardingServerCallListener$SimpleForwardingServerCallListener.onHalfClose(ForwardingServerCallListener.java:40)
	at io.grpc.Contexts$ContextualizedServerCallListener.onHalfClose(Contexts.java:86)
	at io.grpc.internal.ServerCallImpl$ServerStreamListenerImpl.halfClosed(ServerCallImpl.java:355)
	at io.grpc.internal.ServerImpl$JumpToApplicationThreadServerStreamListener$1HalfClosed.runInContext(ServerImpl.java:867)
	at io.grpc.internal.ContextRunnable.run(ContextRunnable.java:37)
	at io.grpc.internal.SerializingExecutor.run(SerializingExecutor.java:133)
	at java.base/java.util.concurrent.ThreadPoolExecutor.runWorker(ThreadPoolExecutor.java:1128)
	at java.base/java.util.concurrent.ThreadPoolExecutor$Worker.run(ThreadPoolExecutor.java:628)
	at java.base/java.lang.Thread.run(Thread.java:829)

cze 05, 2023 3:57:11 PM com.ibm.connect.sdk.jdbc.JdbcSourceInteraction beginStream
INFO: SELECT "C1", "C2" FROM "SCHEMA1"."T1"
cze 05, 2023 3:57:11 PM com.ibm.connect.sdk.jdbc.JdbcTargetInteraction createTable
INFO: CREATE TABLE SCHEMA1.T2 (ID INT NOT NULL GENERATED ALWAYS AS IDENTITY, C1 CHAR(5), C2 VARCHAR(20))
cze 05, 2023 3:57:11 PM com.ibm.connect.sdk.jdbc.JdbcTargetInteraction putStream
INFO: INSERT INTO "SCHEMA1"."T2" ("C1","C2") VALUES (?,?)
cze 05, 2023 3:57:11 PM com.ibm.connect.sdk.jdbc.JdbcSourceInteraction beginStream
INFO: SELECT "ID", "C1", "C2" FROM "SCHEMA1"."T2"
cze 05, 2023 3:57:11 PM com.ibm.connect.sdk.jdbc.JdbcSourceInteraction beginStream
INFO: SELECT "C1", "C2", "C3", "C4", "C5", "C6", "C7", "C8", "C9" FROM "SCHEMA1"."T1"
cze 05, 2023 3:57:11 PM com.ibm.connect.sdk.jdbc.JdbcSourceInteraction beginStream
INFO: SELECT "C1", "C2", "C3", "C4", "C5" FROM "SCHEMA1"."T1"
cze 05, 2023 3:57:11 PM com.ibm.connect.sdk.jdbc.JdbcTargetInteraction createTable
INFO: CREATE TABLE "SCHEMA1"."T2" ("C1" DECIMAL(2,1), "C2" DECIMAL(4,2), "C3" DECIMAL(9,3), "C4" DECIMAL(18,4), "C5" DECIMAL(31,5))
cze 05, 2023 3:57:11 PM com.ibm.connect.sdk.jdbc.JdbcTargetInteraction putStream
INFO: INSERT INTO "SCHEMA1"."T2" ("C1","C2","C3","C4","C5") VALUES (?,?,?,?,?)
cze 05, 2023 3:57:11 PM com.ibm.connect.sdk.jdbc.JdbcSourceInteraction beginStream
INFO: SELECT "C1", "C2", "C3", "C4", "C5" FROM "SCHEMA1"."T2"
cze 05, 2023 3:57:12 PM com.ibm.connect.sdk.jdbc.JdbcSourceInteraction beginStream
INFO: SELECT "C1", "C2", "C3" FROM "SCHEMA1"."T1"
cze 05, 2023 3:57:12 PM com.ibm.connect.sdk.jdbc.JdbcTargetInteraction createTable
INFO: CREATE TABLE "SCHEMA1"."T2" ("C1" BIGINT)
cze 05, 2023 3:57:12 PM com.ibm.connect.sdk.jdbc.JdbcSourceInteraction beginStream
INFO: SELECT "C1" FROM "SCHEMA1"."T1"
cze 05, 2023 3:57:12 PM com.ibm.connect.sdk.jdbc.JdbcTargetInteraction putStream
INFO: INSERT INTO "SCHEMA1"."T2" ("C1") VALUES (?)
cze 05, 2023 3:57:12 PM com.ibm.connect.sdk.jdbc.JdbcSourceInteraction beginStream
INFO: SELECT * FROM SCHEMA1.T2 ORDER BY C1
cze 05, 2023 3:57:12 PM com.ibm.connect.sdk.jdbc.JdbcConnector connect
INFO: Connecting to jdbc:derby://192.168.8.134:40277/testdb;ssl=basic;create=true
cze 05, 2023 3:57:12 PM com.ibm.connect.sdk.api.ConnectorFlightProducer doAction
SEVERE: Wykryto błąd komunikacji: Unsupported or unrecognized SSL message.
java.sql.SQLNonTransientConnectionException: Wykryto błąd komunikacji: Unsupported or unrecognized SSL message.
	at org.apache.derby.client.am.SQLExceptionFactory.getSQLException(SQLExceptionFactory.java:74)
	at org.apache.derby.client.am.SqlException.getSQLException(SqlException.java:325)
	at org.apache.derby.client.ClientAutoloadedDriver.connect(ClientAutoloadedDriver.java:177)
	at com.ibm.connect.sdk.jdbc.JdbcConnector.connect(JdbcConnector.java:278)
	at com.ibm.connect.sdk.api.PooledConnector.connect(PooledConnector.java:70)
	at com.ibm.connect.sdk.api.ConnectorFlightProducer.doAction(ConnectorFlightProducer.java:372)
	at org.apache.arrow.flight.FlightService.doAction(FlightService.java:124)
	at org.apache.arrow.flight.impl.FlightServiceGrpc$MethodHandlers.invoke(FlightServiceGrpc.java:925)
	at io.grpc.stub.ServerCalls$UnaryServerCallHandler$UnaryServerCallListener.onHalfClose(ServerCalls.java:182)
	at io.grpc.PartialForwardingServerCallListener.onHalfClose(PartialForwardingServerCallListener.java:35)
	at io.grpc.ForwardingServerCallListener.onHalfClose(ForwardingServerCallListener.java:23)
	at io.grpc.ForwardingServerCallListener$SimpleForwardingServerCallListener.onHalfClose(ForwardingServerCallListener.java:40)
	at io.grpc.Contexts$ContextualizedServerCallListener.onHalfClose(Contexts.java:86)
	at io.grpc.PartialForwardingServerCallListener.onHalfClose(PartialForwardingServerCallListener.java:35)
	at io.grpc.ForwardingServerCallListener.onHalfClose(ForwardingServerCallListener.java:23)
	at io.grpc.ForwardingServerCallListener$SimpleForwardingServerCallListener.onHalfClose(ForwardingServerCallListener.java:40)
	at io.grpc.Contexts$ContextualizedServerCallListener.onHalfClose(Contexts.java:86)
	at io.grpc.internal.ServerCallImpl$ServerStreamListenerImpl.halfClosed(ServerCallImpl.java:355)
	at io.grpc.internal.ServerImpl$JumpToApplicationThreadServerStreamListener$1HalfClosed.runInContext(ServerImpl.java:867)
	at io.grpc.internal.ContextRunnable.run(ContextRunnable.java:37)
	at io.grpc.internal.SerializingExecutor.run(SerializingExecutor.java:133)
	at java.base/java.util.concurrent.ThreadPoolExecutor.runWorker(ThreadPoolExecutor.java:1128)
	at java.base/java.util.concurrent.ThreadPoolExecutor$Worker.run(ThreadPoolExecutor.java:628)
	at java.base/java.lang.Thread.run(Thread.java:829)
Caused by: ERROR 08006: Wykryto błąd komunikacji: Unsupported or unrecognized SSL message.
	at org.apache.derby.client.net.NetAgent.throwCommunicationsFailure(NetAgent.java:441)
	at org.apache.derby.client.net.NetAgent.sendRequest(NetAgent.java:408)
	at org.apache.derby.client.net.NetAgent.flush_(NetAgent.java:286)
	at org.apache.derby.client.am.Agent.flowOutsideUOW(Agent.java:245)
	at org.apache.derby.client.net.NetConnection.flowServerAttributesAndKeyExchange(NetConnection.java:707)
	at org.apache.derby.client.net.NetConnection.flowUSRIDPWDconnect(NetConnection.java:550)
	at org.apache.derby.client.net.NetConnection.flowConnect(NetConnection.java:355)
	at org.apache.derby.client.net.NetConnection.<init>(NetConnection.java:210)
	at org.apache.derby.client.net.ClientJDBCObjectFactoryImpl.newNetConnection(ClientJDBCObjectFactoryImpl.java:278)
	at org.apache.derby.client.ClientAutoloadedDriver.connect(ClientAutoloadedDriver.java:170)
	... 21 more
Caused by: javax.net.ssl.SSLException: Unsupported or unrecognized SSL message
	at java.base/sun.security.ssl.SSLSocketInputRecord.handleUnknownRecord(SSLSocketInputRecord.java:457)
	at java.base/sun.security.ssl.SSLSocketInputRecord.decode(SSLSocketInputRecord.java:175)
	at java.base/sun.security.ssl.SSLTransport.decode(SSLTransport.java:111)
	at java.base/sun.security.ssl.SSLSocketImpl.decode(SSLSocketImpl.java:1507)
	at java.base/sun.security.ssl.SSLSocketImpl.readHandshakeRecord(SSLSocketImpl.java:1417)
	at java.base/sun.security.ssl.SSLSocketImpl.startHandshake(SSLSocketImpl.java:456)
	at java.base/sun.security.ssl.SSLSocketImpl.ensureNegotiated(SSLSocketImpl.java:922)
	at java.base/sun.security.ssl.SSLSocketImpl$AppOutputStream.write(SSLSocketImpl.java:1292)
	at org.apache.derby.client.net.Request.sendBytes(Request.java:1200)
	at org.apache.derby.client.net.Request.flush(Request.java:1192)
	at org.apache.derby.client.net.NetAgent.sendRequest(NetAgent.java:406)
	... 29 more

cze 05, 2023 3:57:12 PM com.ibm.connect.sdk.jdbc.JdbcSourceInteraction beginStream
INFO: SELECT "C1", "C2", "C3", "C4", "C5", "C6", "C7", "C8", "C9" FROM "SCHEMA1"."T1"
cze 05, 2023 3:57:12 PM com.ibm.connect.sdk.jdbc.JdbcTargetInteraction createTable
INFO: CREATE TABLE "SCHEMA1"."T2" ("C1" BIGINT, "C2" DECIMAL(31,2), "C3" DOUBLE, "C4" DOUBLE, "C5" REAL, "C6" INTEGER, "C7" DECIMAL(31,6), "C8" REAL, "C9" SMALLINT)
cze 05, 2023 3:57:12 PM com.ibm.connect.sdk.jdbc.JdbcTargetInteraction putStream
INFO: INSERT INTO "SCHEMA1"."T2" ("C1","C2","C3","C4","C5","C6","C7","C8","C9") VALUES (?,?,?,?,?,?,?,?,?)
cze 05, 2023 3:57:12 PM com.ibm.connect.sdk.jdbc.JdbcSourceInteraction beginStream
INFO: SELECT "C1", "C2", "C3", "C4", "C5", "C6", "C7", "C8", "C9" FROM "SCHEMA1"."T2"
cze 05, 2023 3:57:12 PM com.ibm.connect.sdk.jdbc.JdbcSourceInteraction beginStream
INFO: SELECT "C1", "C2", "C3" FROM "SCHEMA1"."T2"
cze 05, 2023 3:57:12 PM com.ibm.connect.sdk.jdbc.JdbcTargetInteraction putStream
INFO: UPDATE "SCHEMA1"."T1" SET "C1" = ?, "C2" = ? WHERE "C3" = ?
cze 05, 2023 3:57:12 PM com.ibm.connect.sdk.jdbc.JdbcSourceInteraction beginStream
INFO: SELECT * FROM SCHEMA1.T1 ORDER BY C3
cze 05, 2023 3:57:12 PM com.ibm.connect.sdk.jdbc.JdbcSourceInteraction beginStream
INFO: SELECT "C1" FROM "SCHEMA1"."T1"
cze 05, 2023 3:57:12 PM com.ibm.connect.sdk.jdbc.JdbcTargetInteraction dropTable
INFO: DROP TABLE "SCHEMA1"."T2"
cze 05, 2023 3:57:12 PM com.ibm.connect.sdk.jdbc.JdbcTargetInteraction createTable
INFO: CREATE TABLE "SCHEMA1"."T2" ("C1" INTEGER)
cze 05, 2023 3:57:12 PM com.ibm.connect.sdk.jdbc.JdbcTargetInteraction putStream
INFO: INSERT INTO "SCHEMA1"."T2" ("C1") VALUES (?)
cze 05, 2023 3:57:12 PM com.ibm.connect.sdk.jdbc.JdbcSourceInteraction beginStream
INFO: SELECT "C1" FROM "SCHEMA1"."T2"
cze 05, 2023 3:57:12 PM com.ibm.connect.sdk.jdbc.JdbcTargetInteraction putSetup
INFO: CREATE TABLE SCHEMA1.T1 (C1 INTEGER)
cze 05, 2023 3:57:12 PM com.ibm.connect.sdk.api.ConnectorFlightProducer listFlights
SEVERE: Invalid criteria
java.lang.IllegalArgumentException: Invalid criteria
	at com.ibm.connect.sdk.api.ConnectorFlightProducer.listFlights(ConnectorFlightProducer.java:196)
	at org.apache.arrow.flight.FlightService.listFlights(FlightService.java:98)
	at org.apache.arrow.flight.impl.FlightServiceGrpc$MethodHandlers.invoke(FlightServiceGrpc.java:909)
	at io.grpc.stub.ServerCalls$UnaryServerCallHandler$UnaryServerCallListener.onHalfClose(ServerCalls.java:182)
	at io.grpc.PartialForwardingServerCallListener.onHalfClose(PartialForwardingServerCallListener.java:35)
	at io.grpc.ForwardingServerCallListener.onHalfClose(ForwardingServerCallListener.java:23)
	at io.grpc.ForwardingServerCallListener$SimpleForwardingServerCallListener.onHalfClose(ForwardingServerCallListener.java:40)
	at io.grpc.Contexts$ContextualizedServerCallListener.onHalfClose(Contexts.java:86)
	at io.grpc.PartialForwardingServerCallListener.onHalfClose(PartialForwardingServerCallListener.java:35)
	at io.grpc.ForwardingServerCallListener.onHalfClose(ForwardingServerCallListener.java:23)
	at io.grpc.ForwardingServerCallListener$SimpleForwardingServerCallListener.onHalfClose(ForwardingServerCallListener.java:40)
	at io.grpc.Contexts$ContextualizedServerCallListener.onHalfClose(Contexts.java:86)
	at io.grpc.internal.ServerCallImpl$ServerStreamListenerImpl.halfClosed(ServerCallImpl.java:355)
	at io.grpc.internal.ServerImpl$JumpToApplicationThreadServerStreamListener$1HalfClosed.runInContext(ServerImpl.java:867)
	at io.grpc.internal.ContextRunnable.run(ContextRunnable.java:37)
	at io.grpc.internal.SerializingExecutor.run(SerializingExecutor.java:133)
	at java.base/java.util.concurrent.ThreadPoolExecutor.runWorker(ThreadPoolExecutor.java:1128)
	at java.base/java.util.concurrent.ThreadPoolExecutor$Worker.run(ThreadPoolExecutor.java:628)
	at java.base/java.lang.Thread.run(Thread.java:829)

cze 05, 2023 3:57:13 PM com.ibm.connect.sdk.api.ConnectorFlightProducer doAction
SEVERE: Missing action body
java.lang.IllegalArgumentException: Missing action body
	at com.ibm.connect.sdk.api.ConnectorFlightProducer.doAction(ConnectorFlightProducer.java:367)
	at org.apache.arrow.flight.FlightService.doAction(FlightService.java:124)
	at org.apache.arrow.flight.impl.FlightServiceGrpc$MethodHandlers.invoke(FlightServiceGrpc.java:925)
	at io.grpc.stub.ServerCalls$UnaryServerCallHandler$UnaryServerCallListener.onHalfClose(ServerCalls.java:182)
	at io.grpc.PartialForwardingServerCallListener.onHalfClose(PartialForwardingServerCallListener.java:35)
	at io.grpc.ForwardingServerCallListener.onHalfClose(ForwardingServerCallListener.java:23)
	at io.grpc.ForwardingServerCallListener$SimpleForwardingServerCallListener.onHalfClose(ForwardingServerCallListener.java:40)
	at io.grpc.Contexts$ContextualizedServerCallListener.onHalfClose(Contexts.java:86)
	at io.grpc.PartialForwardingServerCallListener.onHalfClose(PartialForwardingServerCallListener.java:35)
	at io.grpc.ForwardingServerCallListener.onHalfClose(ForwardingServerCallListener.java:23)
	at io.grpc.ForwardingServerCallListener$SimpleForwardingServerCallListener.onHalfClose(ForwardingServerCallListener.java:40)
	at io.grpc.Contexts$ContextualizedServerCallListener.onHalfClose(Contexts.java:86)
	at io.grpc.internal.ServerCallImpl$ServerStreamListenerImpl.halfClosed(ServerCallImpl.java:355)
	at io.grpc.internal.ServerImpl$JumpToApplicationThreadServerStreamListener$1HalfClosed.runInContext(ServerImpl.java:867)
	at io.grpc.internal.ContextRunnable.run(ContextRunnable.java:37)
	at io.grpc.internal.SerializingExecutor.run(SerializingExecutor.java:133)
	at java.base/java.util.concurrent.ThreadPoolExecutor.runWorker(ThreadPoolExecutor.java:1128)
	at java.base/java.util.concurrent.ThreadPoolExecutor$Worker.run(ThreadPoolExecutor.java:628)
	at java.base/java.lang.Thread.run(Thread.java:829)

cze 05, 2023 3:57:13 PM com.ibm.connect.sdk.api.ConnectorFlightProducer doAction
SEVERE: doAction unknown is not supported
java.lang.UnsupportedOperationException: doAction unknown is not supported
	at com.ibm.connect.sdk.jdbc.JdbcConnector.performAction(JdbcConnector.java:718)
	at com.ibm.connect.sdk.api.PooledConnector.performAction(PooledConnector.java:115)
	at com.ibm.connect.sdk.api.ConnectorFlightProducer.doAction(ConnectorFlightProducer.java:391)
	at org.apache.arrow.flight.FlightService.doAction(FlightService.java:124)
	at org.apache.arrow.flight.impl.FlightServiceGrpc$MethodHandlers.invoke(FlightServiceGrpc.java:925)
	at io.grpc.stub.ServerCalls$UnaryServerCallHandler$UnaryServerCallListener.onHalfClose(ServerCalls.java:182)
	at io.grpc.PartialForwardingServerCallListener.onHalfClose(PartialForwardingServerCallListener.java:35)
	at io.grpc.ForwardingServerCallListener.onHalfClose(ForwardingServerCallListener.java:23)
	at io.grpc.ForwardingServerCallListener$SimpleForwardingServerCallListener.onHalfClose(ForwardingServerCallListener.java:40)
	at io.grpc.Contexts$ContextualizedServerCallListener.onHalfClose(Contexts.java:86)
	at io.grpc.PartialForwardingServerCallListener.onHalfClose(PartialForwardingServerCallListener.java:35)
	at io.grpc.ForwardingServerCallListener.onHalfClose(ForwardingServerCallListener.java:23)
	at io.grpc.ForwardingServerCallListener$SimpleForwardingServerCallListener.onHalfClose(ForwardingServerCallListener.java:40)
	at io.grpc.Contexts$ContextualizedServerCallListener.onHalfClose(Contexts.java:86)
	at io.grpc.internal.ServerCallImpl$ServerStreamListenerImpl.halfClosed(ServerCallImpl.java:355)
	at io.grpc.internal.ServerImpl$JumpToApplicationThreadServerStreamListener$1HalfClosed.runInContext(ServerImpl.java:867)
	at io.grpc.internal.ContextRunnable.run(ContextRunnable.java:37)
	at io.grpc.internal.SerializingExecutor.run(SerializingExecutor.java:133)
	at java.base/java.util.concurrent.ThreadPoolExecutor.runWorker(ThreadPoolExecutor.java:1128)
	at java.base/java.util.concurrent.ThreadPoolExecutor$Worker.run(ThreadPoolExecutor.java:628)
	at java.base/java.lang.Thread.run(Thread.java:829)

]]></system-err>
</testsuite>
