<?xml version="1.0" encoding="UTF-8"?>
<testsuite name="com.ibm.connect.sdk.bundle.TestBundleFlightProducerDerbyCloud" tests="55" skipped="55" failures="0" errors="0" timestamp="2023-06-05T15:57:13" hostname="Bartek-Laptop" time="0.019">
  <properties/>
  <testcase name="testDiscoverColumnsTableWithUnderscore" classname="com.ibm.connect.sdk.bundle.TestBundleFlightProducerDerbyCloud" time="0.006">
    <skipped/>
  </testcase>
  <testcase name="testGetRecordCountAction" classname="com.ibm.connect.sdk.bundle.TestBundleFlightProducerDerbyCloud" time="0.001">
    <skipped/>
  </testcase>
  <testcase name="testConnectionMissingDatabase" classname="com.ibm.connect.sdk.bundle.TestBundleFlightProducerDerbyCloud" time="0.0">
    <skipped/>
  </testcase>
  <testcase name="testGetStreamSelectStatement" classname="com.ibm.connect.sdk.bundle.TestBundleFlightProducerDerbyCloud" time="0.001">
    <skipped/>
  </testcase>
  <testcase name="testDiscoverSchemas" classname="com.ibm.connect.sdk.bundle.TestBundleFlightProducerDerbyCloud" time="0.0">
    <skipped/>
  </testcase>
  <testcase name="testDiscoverTablesSchemaNamePattern" classname="com.ibm.connect.sdk.bundle.TestBundleFlightProducerDerbyCloud" time="0.0">
    <skipped/>
  </testcase>
  <testcase name="testConnectionBadDatabase" classname="com.ibm.connect.sdk.bundle.TestBundleFlightProducerDerbyCloud" time="0.0">
    <skipped/>
  </testcase>
  <testcase name="testDiscoverPrimaryKeyNamed" classname="com.ibm.connect.sdk.bundle.TestBundleFlightProducerDerbyCloud" time="0.001">
    <skipped/>
  </testcase>
  <testcase name="testGetStreamBoolean" classname="com.ibm.connect.sdk.bundle.TestBundleFlightProducerDerbyCloud" time="0.0">
    <skipped/>
  </testcase>
  <testcase name="testAcceptPutBinary" classname="com.ibm.connect.sdk.bundle.TestBundleFlightProducerDerbyCloud" time="0.0">
    <skipped/>
  </testcase>
  <testcase name="testGetStreamCharacter" classname="com.ibm.connect.sdk.bundle.TestBundleFlightProducerDerbyCloud" time="0.001">
    <skipped/>
  </testcase>
  <testcase name="testDiscoverSchemasNamePattern" classname="com.ibm.connect.sdk.bundle.TestBundleFlightProducerDerbyCloud" time="0.0">
    <skipped/>
  </testcase>
  <testcase name="testAcceptPutUpdateStatement" classname="com.ibm.connect.sdk.bundle.TestBundleFlightProducerDerbyCloud" time="0.0">
    <skipped/>
  </testcase>
  <testcase name="testDiscoverSchemasExcludeSystem" classname="com.ibm.connect.sdk.bundle.TestBundleFlightProducerDerbyCloud" time="0.0">
    <skipped/>
  </testcase>
  <testcase name="testAcceptPutDatetime" classname="com.ibm.connect.sdk.bundle.TestBundleFlightProducerDerbyCloud" time="0.0">
    <skipped/>
  </testcase>
  <testcase name="testDiscoverTablesExcludeViews" classname="com.ibm.connect.sdk.bundle.TestBundleFlightProducerDerbyCloud" time="0.001">
    <skipped/>
  </testcase>
  <testcase name="testDiscoverTablesExcludeSystem" classname="com.ibm.connect.sdk.bundle.TestBundleFlightProducerDerbyCloud" time="0.0">
    <skipped/>
  </testcase>
  <testcase name="testGetStreamRowLimit" classname="com.ibm.connect.sdk.bundle.TestBundleFlightProducerDerbyCloud" time="0.0">
    <skipped/>
  </testcase>
  <testcase name="testAcceptPutCharacter" classname="com.ibm.connect.sdk.bundle.TestBundleFlightProducerDerbyCloud" time="0.0">
    <skipped/>
  </testcase>
  <testcase name="testAcceptPutUpdate" classname="com.ibm.connect.sdk.bundle.TestBundleFlightProducerDerbyCloud" time="0.0">
    <skipped/>
  </testcase>
  <testcase name="testAcceptPutBoolean" classname="com.ibm.connect.sdk.bundle.TestBundleFlightProducerDerbyCloud" time="0.0">
    <skipped/>
  </testcase>
  <testcase name="testDiscoverTablesWithPaging" classname="com.ibm.connect.sdk.bundle.TestBundleFlightProducerDerbyCloud" time="0.0">
    <skipped/>
  </testcase>
  <testcase name="testGetStreamByteLimit" classname="com.ibm.connect.sdk.bundle.TestBundleFlightProducerDerbyCloud" time="0.0">
    <skipped/>
  </testcase>
  <testcase name="testGetFlightInfo" classname="com.ibm.connect.sdk.bundle.TestBundleFlightProducerDerbyCloud" time="0.0">
    <skipped/>
  </testcase>
  <testcase name="testDiscoverTablesSchemaWithUnderscore" classname="com.ibm.connect.sdk.bundle.TestBundleFlightProducerDerbyCloud" time="0.001">
    <skipped/>
  </testcase>
  <testcase name="testDiscoverExtendedMetadata" classname="com.ibm.connect.sdk.bundle.TestBundleFlightProducerDerbyCloud" time="0.0">
    <skipped/>
  </testcase>
  <testcase name="testListCustomActions" classname="com.ibm.connect.sdk.bundle.TestBundleFlightProducerDerbyCloud" time="0.0">
    <skipped/>
  </testcase>
  <testcase name="testGetStreamBinary" classname="com.ibm.connect.sdk.bundle.TestBundleFlightProducerDerbyCloud" time="0.0">
    <skipped/>
  </testcase>
  <testcase name="testGetStreamFields" classname="com.ibm.connect.sdk.bundle.TestBundleFlightProducerDerbyCloud" time="0.0">
    <skipped/>
  </testcase>
  <testcase name="testDiscoverTablesSystemSchema" classname="com.ibm.connect.sdk.bundle.TestBundleFlightProducerDerbyCloud" time="0.0">
    <skipped/>
  </testcase>
  <testcase name="testPutSetupAction" classname="com.ibm.connect.sdk.bundle.TestBundleFlightProducerDerbyCloud" time="0.0">
    <skipped/>
  </testcase>
  <testcase name="testGetStreamDecimal" classname="com.ibm.connect.sdk.bundle.TestBundleFlightProducerDerbyCloud" time="0.0">
    <skipped/>
  </testcase>
  <testcase name="testTableActionTruncate" classname="com.ibm.connect.sdk.bundle.TestBundleFlightProducerDerbyCloud" time="0.0">
    <skipped/>
  </testcase>
  <testcase name="testPutWrapupAction" classname="com.ibm.connect.sdk.bundle.TestBundleFlightProducerDerbyCloud" time="0.0">
    <skipped/>
  </testcase>
  <testcase name="testCreateStatement" classname="com.ibm.connect.sdk.bundle.TestBundleFlightProducerDerbyCloud" time="0.0">
    <skipped/>
  </testcase>
  <testcase name="testDiscoverViewsExcludeTables" classname="com.ibm.connect.sdk.bundle.TestBundleFlightProducerDerbyCloud" time="0.0">
    <skipped/>
  </testcase>
  <testcase name="testGetStreamNumeric" classname="com.ibm.connect.sdk.bundle.TestBundleFlightProducerDerbyCloud" time="0.0">
    <skipped/>
  </testcase>
  <testcase name="testAcceptPutDecimal" classname="com.ibm.connect.sdk.bundle.TestBundleFlightProducerDerbyCloud" time="0.0">
    <skipped/>
  </testcase>
  <testcase name="testDiscoverTables" classname="com.ibm.connect.sdk.bundle.TestBundleFlightProducerDerbyCloud" time="0.0">
    <skipped/>
  </testcase>
  <testcase name="testGetStreamDatetime" classname="com.ibm.connect.sdk.bundle.TestBundleFlightProducerDerbyCloud" time="0.0">
    <skipped/>
  </testcase>
  <testcase name="testDiscoverTablesViews" classname="com.ibm.connect.sdk.bundle.TestBundleFlightProducerDerbyCloud" time="0.0">
    <skipped/>
  </testcase>
  <testcase name="testPartitionedGetAndPut" classname="com.ibm.connect.sdk.bundle.TestBundleFlightProducerDerbyCloud" time="0.0">
    <skipped/>
  </testcase>
  <testcase name="testConnectionSSL" classname="com.ibm.connect.sdk.bundle.TestBundleFlightProducerDerbyCloud" time="0.0">
    <skipped/>
  </testcase>
  <testcase name="testDiscoverColumns" classname="com.ibm.connect.sdk.bundle.TestBundleFlightProducerDerbyCloud" time="0.0">
    <skipped/>
  </testcase>
  <testcase name="testDiscoverSchemasWithPaging" classname="com.ibm.connect.sdk.bundle.TestBundleFlightProducerDerbyCloud" time="0.0">
    <skipped/>
  </testcase>
  <testcase name="testAcceptPutNumeric" classname="com.ibm.connect.sdk.bundle.TestBundleFlightProducerDerbyCloud" time="0.0">
    <skipped/>
  </testcase>
  <testcase name="testAcceptPutUpdateKeyColumnNames" classname="com.ibm.connect.sdk.bundle.TestBundleFlightProducerDerbyCloud" time="0.0">
    <skipped/>
  </testcase>
  <testcase name="testTableActionReplace" classname="com.ibm.connect.sdk.bundle.TestBundleFlightProducerDerbyCloud" time="0.0">
    <skipped/>
  </testcase>
  <testcase name="testPutSetupStaticStatement" classname="com.ibm.connect.sdk.bundle.TestBundleFlightProducerDerbyCloud" time="0.0">
    <skipped/>
  </testcase>
  <testcase name="testDiscoverPrimaryKeyUnnamed" classname="com.ibm.connect.sdk.bundle.TestBundleFlightProducerDerbyCloud" time="0.0">
    <skipped/>
  </testcase>
  <testcase name="testDiscoverTablesNamePattern" classname="com.ibm.connect.sdk.bundle.TestBundleFlightProducerDerbyCloud" time="0.0">
    <skipped/>
  </testcase>
  <testcase name="testValidateAction" classname="com.ibm.connect.sdk.bundle.TestBundleFlightProducerDerbyCloud" time="0.0">
    <skipped/>
  </testcase>
  <testcase name="testListActions" classname="com.ibm.connect.sdk.bundle.TestBundleFlightProducerDerbyCloud" time="0.0">
    <skipped/>
  </testcase>
  <testcase name="testConnection" classname="com.ibm.connect.sdk.bundle.TestBundleFlightProducerDerbyCloud" time="0.0">
    <skipped/>
  </testcase>
  <testcase name="testHealthCheckAction" classname="com.ibm.connect.sdk.bundle.TestBundleFlightProducerDerbyCloud" time="0.0">
    <skipped/>
  </testcase>
  <system-out><![CDATA[]]></system-out>
  <system-err><![CDATA[]]></system-err>
</testsuite>
